--------    START DUPLICITY-BACKUP SCRIPT    --------

Attempting to acquire lock /root/backup-scripts/logs/backup.lock
successfully acquired lock.
Local and Remote metadata are synchronized, no sync needed.
Warning, found the following local orphaned signature file:
duplicity-new-signatures.20151013T230930Z.to.20151013T232550Z.sigtar.gz
Warning, found the following remote orphaned signature file:
duplicity-new-signatures.20151013T230930Z.to.20151013T232550Z.sigtar.gz
Warning, found the following orphaned backup file:
[duplicity-inc.20151013T230930Z.to.20151013T232550Z.manifest, duplicity-inc.20151013T230930Z.to.20151013T232550Z.vol1.difftar.gz]
Last full backup date: Wed Oct 14 00:04:26 2015
--------------[ Backup Statistics ]--------------
StartTime 1444788004.24 (Wed Oct 14 02:00:04 2015)
EndTime 1444788046.76 (Wed Oct 14 02:00:46 2015)
ElapsedTime 42.52 (42.52 seconds)
SourceFiles 99041
SourceFileSize 3132071745 (2.92 GB)
NewFiles 12
NewFileSize 8176597 (7.80 MB)
DeletedFiles 0
ChangedFiles 17
ChangedFileSize 495955575 (473 MB)
ChangedDeltaSize 0 (0 bytes)
DeltaEntries 29
RawDeltaSize 9673767 (9.23 MB)
TotalDestinationSizeChange 922365 (901 KB)
Errors 0

----------------[ Duplicity Cleanup ]----------------
Local and Remote metadata are synchronized, no sync needed.
Warning, found the following local orphaned signature file:
duplicity-new-signatures.20151013T230930Z.to.20151013T232550Z.sigtar.gz
Warning, found the following remote orphaned signature file:
duplicity-new-signatures.20151013T230930Z.to.20151013T232550Z.sigtar.gz
Warning, found the following orphaned backup file:
[duplicity-inc.20151013T230930Z.to.20151013T232550Z.manifest, duplicity-inc.20151013T230930Z.to.20151013T232550Z.vol1.difftar.gz]
Last full backup date: Wed Oct 14 00:04:26 2015
No old backup sets found, nothing deleted.

Local and Remote metadata are synchronized, no sync needed.
Warning, found the following local orphaned signature file:
duplicity-new-signatures.20151013T230930Z.to.20151013T232550Z.sigtar.gz
Warning, found the following remote orphaned signature file:
duplicity-new-signatures.20151013T230930Z.to.20151013T232550Z.sigtar.gz
Warning, found the following orphaned backup file:
[duplicity-inc.20151013T230930Z.to.20151013T232550Z.manifest, duplicity-inc.20151013T230930Z.to.20151013T232550Z.vol1.difftar.gz]
Last full backup date: Wed Oct 14 00:04:26 2015
No old backup sets found, nothing deleted.

-----------[ Source Disk Use Information ]-----------
3.3G	/

---------[ Destination Disk Use Information ]--------
1578M	Amazon S3 type backend

---------    END DUPLICITY-BACKUP SCRIPT    ---------

Email alert sent to dgkebler@gmail.com using mailx
Removing lock. Exit code: 0
--------    START DUPLICITY-BACKUP SCRIPT    --------

Attempting to acquire lock /root/backup-scripts/logs/backup.lock
successfully acquired lock.
Local and Remote metadata are synchronized, no sync needed.
Warning, found the following local orphaned signature file:
duplicity-new-signatures.20151013T230930Z.to.20151013T232550Z.sigtar.gz
Warning, found the following remote orphaned signature file:
duplicity-new-signatures.20151013T230930Z.to.20151013T232550Z.sigtar.gz
Warning, found the following orphaned backup file:
[duplicity-inc.20151013T230930Z.to.20151013T232550Z.manifest, duplicity-inc.20151013T230930Z.to.20151013T232550Z.vol1.difftar.gz]
Last full backup date: Wed Oct 14 00:04:26 2015
Collection Status
Connecting with backend: BackendWrapper
Archive dir: /root/.cache/duplicity/8f0eec62bda5976115ae4e4e6212dad4

Found 0 secondary backup chains.

Found primary backup chain with matching signature chain:
Chain start time: Wed Oct 14 00:04:26 2015
Chain end time: Wed Oct 14 02:00:01 2015
Number of contained backup sets: 2
Total number of contained volumes: 63
 Type of backup set:                            Time:      Num volumes:
                Full         Wed Oct 14 00:04:26 2015                62
         Incremental         Wed Oct 14 02:00:01 2015                 1
Also found 1 backup set not part of any chain,
and 0 incomplete backup sets.
These may be deleted by running duplicity with the "cleanup" command.
---------------------    END    ---------------------

---------    END DUPLICITY-BACKUP SCRIPT    ---------

Email alert sent to dgkebler@gmail.com using mailx
Removing lock. Exit code: 0
--------    START DUPLICITY-BACKUP SCRIPT    --------

Attempting to acquire lock /root/backup-scripts/logs/backup.lock
successfully acquired lock.
Local and Remote metadata are synchronized, no sync needed.
Warning, found the following local orphaned signature file:
duplicity-new-signatures.20151013T230930Z.to.20151013T232550Z.sigtar.gz
Warning, found the following remote orphaned signature file:
duplicity-new-signatures.20151013T230930Z.to.20151013T232550Z.sigtar.gz
Warning, found the following orphaned backup file:
[duplicity-inc.20151013T230930Z.to.20151013T232550Z.manifest, duplicity-inc.20151013T230930Z.to.20151013T232550Z.vol1.difftar.gz]
Last full backup date: Tue Oct 13 17:04:26 2015
--------------[ Backup Statistics ]--------------
StartTime 1444813203.28 (Wed Oct 14 02:00:03 2015)
EndTime 1444813244.85 (Wed Oct 14 02:00:44 2015)
ElapsedTime 41.57 (41.57 seconds)
SourceFiles 99100
SourceFileSize 3133660224 (2.92 GB)
NewFiles 101
NewFileSize 1916926 (1.83 MB)
DeletedFiles 5
ChangedFiles 38
ChangedFileSize 490132088 (467 MB)
ChangedDeltaSize 0 (0 bytes)
DeltaEntries 144
RawDeltaSize 5449310 (5.20 MB)
TotalDestinationSizeChange 1407028 (1.34 MB)
Errors 0

----------------[ Duplicity Cleanup ]----------------
Local and Remote metadata are synchronized, no sync needed.
Warning, found the following local orphaned signature file:
duplicity-new-signatures.20151013T230930Z.to.20151013T232550Z.sigtar.gz
Warning, found the following remote orphaned signature file:
duplicity-new-signatures.20151013T230930Z.to.20151013T232550Z.sigtar.gz
Warning, found the following orphaned backup file:
[duplicity-inc.20151013T230930Z.to.20151013T232550Z.manifest, duplicity-inc.20151013T230930Z.to.20151013T232550Z.vol1.difftar.gz]
Last full backup date: Tue Oct 13 17:04:26 2015
No old backup sets found, nothing deleted.

Local and Remote metadata are synchronized, no sync needed.
Warning, found the following local orphaned signature file:
duplicity-new-signatures.20151013T230930Z.to.20151013T232550Z.sigtar.gz
Warning, found the following remote orphaned signature file:
duplicity-new-signatures.20151013T230930Z.to.20151013T232550Z.sigtar.gz
Warning, found the following orphaned backup file:
[duplicity-inc.20151013T230930Z.to.20151013T232550Z.manifest, duplicity-inc.20151013T230930Z.to.20151013T232550Z.vol1.difftar.gz]
Last full backup date: Tue Oct 13 17:04:26 2015
No old backup sets found, nothing deleted.

-----------[ Source Disk Use Information ]-----------
3.3G	/

---------[ Destination Disk Use Information ]--------
1581M	Amazon S3 type backend

---------    END DUPLICITY-BACKUP SCRIPT    ---------

Email alert sent to dgkebler@gmail.com using mailx
Removing lock. Exit code: 0
--------    START DUPLICITY-BACKUP SCRIPT    --------

Attempting to acquire lock /root/backup-scripts/logs/backup.lock
successfully acquired lock.
Local and Remote metadata are synchronized, no sync needed.
Warning, found the following local orphaned signature file:
duplicity-new-signatures.20151013T230930Z.to.20151013T232550Z.sigtar.gz
Warning, found the following remote orphaned signature file:
duplicity-new-signatures.20151013T230930Z.to.20151013T232550Z.sigtar.gz
Warning, found the following orphaned backup file:
[duplicity-inc.20151013T230930Z.to.20151013T232550Z.manifest, duplicity-inc.20151013T230930Z.to.20151013T232550Z.vol1.difftar.gz]
Last full backup date: Tue Oct 13 17:04:26 2015
Collection Status
-----------------
Connecting with backend: BackendWrapper
Archive dir: /root/.cache/duplicity/8f0eec62bda5976115ae4e4e6212dad4

Found 0 secondary backup chains.

Found primary backup chain with matching signature chain:
-------------------------
Chain start time: Tue Oct 13 17:04:26 2015
Chain end time: Wed Oct 14 02:00:01 2015
Number of contained backup sets: 3
Total number of contained volumes: 64
 Type of backup set:                            Time:      Num volumes:
                Full         Tue Oct 13 17:04:26 2015                62
         Incremental         Tue Oct 13 19:00:01 2015                 1
         Incremental         Wed Oct 14 02:00:01 2015                 1
-------------------------
Also found 1 backup set not part of any chain,
and 0 incomplete backup sets.
These may be deleted by running duplicity with the "cleanup" command.
---------------------    END    ---------------------

---------    END DUPLICITY-BACKUP SCRIPT    ---------

Email alert sent to dgkebler@gmail.com using mailx
Removing lock. Exit code: 0
