--------    START DUPLICITY-BACKUP SCRIPT    --------

Attempting to acquire lock /root/backup-scripts/logs/backup.lock
successfully acquired lock.
Synchronizing remote metadata to local cache...
Deleting local /root/.cache/duplicity/8f0eec62bda5976115ae4e4e6212dad4/duplicity-full-signatures.20151013T230930Z.sigtar.gz (not authoritative at backend).
Deleting local /root/.cache/duplicity/8f0eec62bda5976115ae4e4e6212dad4/duplicity-full.20151013T230930Z.manifest (not authoritative at backend).
Warning, found the following local orphaned signature file:
duplicity-new-signatures.20151013T230930Z.to.20151013T232550Z.sigtar.gz
Warning, found the following remote orphaned signature file:
duplicity-new-signatures.20151013T230930Z.to.20151013T232550Z.sigtar.gz
Warning, found the following orphaned backup file:
[duplicity-inc.20151013T230930Z.to.20151013T232550Z.manifest, duplicity-inc.20151013T230930Z.to.20151013T232550Z.vol1.difftar.gz]
Last full backup date: none
Last full backup is too old, forcing full backup
Warning, found the following local orphaned signature file:
duplicity-new-signatures.20151013T230930Z.to.20151013T232550Z.sigtar.gz
Warning, found the following remote orphaned signature file:
duplicity-new-signatures.20151013T230930Z.to.20151013T232550Z.sigtar.gz
Warning, found the following orphaned backup file:
[duplicity-inc.20151013T230930Z.to.20151013T232550Z.manifest, duplicity-inc.20151013T230930Z.to.20151013T232550Z.vol1.difftar.gz]
--------------[ Backup Statistics ]--------------
StartTime 1444781066.31 (Wed Oct 14 00:04:26 2015)
EndTime 1444781370.57 (Wed Oct 14 00:09:30 2015)
ElapsedTime 304.26 (5 minutes 4.26 seconds)
SourceFiles 99036
SourceFileSize 3123918199 (2.91 GB)
NewFiles 99036
NewFileSize 3123918199 (2.91 GB)
DeletedFiles 0
ChangedFiles 0
ChangedFileSize 0 (0 bytes)
ChangedDeltaSize 0 (0 bytes)
DeltaEntries 99036
RawDeltaSize 3068814241 (2.86 GB)
TotalDestinationSizeChange 1605439160 (1.50 GB)
Errors 0

----------------[ Duplicity Cleanup ]----------------
Local and Remote metadata are synchronized, no sync needed.
Warning, found the following local orphaned signature file:
duplicity-new-signatures.20151013T230930Z.to.20151013T232550Z.sigtar.gz
Warning, found the following remote orphaned signature file:
duplicity-new-signatures.20151013T230930Z.to.20151013T232550Z.sigtar.gz
Warning, found the following orphaned backup file:
[duplicity-inc.20151013T230930Z.to.20151013T232550Z.manifest, duplicity-inc.20151013T230930Z.to.20151013T232550Z.vol1.difftar.gz]
Last full backup date: Wed Oct 14 00:04:26 2015
No old backup sets found, nothing deleted.

Local and Remote metadata are synchronized, no sync needed.
Warning, found the following local orphaned signature file:
duplicity-new-signatures.20151013T230930Z.to.20151013T232550Z.sigtar.gz
Warning, found the following remote orphaned signature file:
duplicity-new-signatures.20151013T230930Z.to.20151013T232550Z.sigtar.gz
Warning, found the following orphaned backup file:
[duplicity-inc.20151013T230930Z.to.20151013T232550Z.manifest, duplicity-inc.20151013T230930Z.to.20151013T232550Z.vol1.difftar.gz]
Last full backup date: Wed Oct 14 00:04:26 2015
No old backup sets found, nothing deleted.

-----------[ Source Disk Use Information ]-----------
3.3G	/

---------[ Destination Disk Use Information ]--------
1575M	Amazon S3 type backend

---------    END DUPLICITY-BACKUP SCRIPT    ---------

Email alert sent to dgkebler@gmail.com using mailx
Removing lock. Exit code: 0
