--------    START DUPLICITY-BACKUP SCRIPT    --------

Attempting to acquire lock /root/backup-scripts/logs/backup.lock
successfully acquired lock.
Local and Remote metadata are synchronized, no sync needed.
Warning, found the following local orphaned signature file:
duplicity-new-signatures.20151013T230930Z.to.20151013T232550Z.sigtar.gz
Warning, found the following remote orphaned signature file:
duplicity-new-signatures.20151013T230930Z.to.20151013T232550Z.sigtar.gz
Warning, found the following orphaned backup file:
[duplicity-inc.20151013T230930Z.to.20151013T232550Z.manifest, duplicity-inc.20151013T230930Z.to.20151013T232550Z.vol1.difftar.gz]
Last full backup date: Tue Oct 13 17:04:26 2015
--------------[ Backup Statistics ]--------------
StartTime 1445504403.01 (Thu Oct 22 02:00:03 2015)
EndTime 1445504452.97 (Thu Oct 22 02:00:52 2015)
ElapsedTime 49.96 (49.96 seconds)
SourceFiles 98894
SourceFileSize 2556484614 (2.38 GB)
NewFiles 47
NewFileSize 127192 (124 KB)
DeletedFiles 6
ChangedFiles 45
ChangedFileSize 569548533 (543 MB)
ChangedDeltaSize 0 (0 bytes)
DeltaEntries 98
RawDeltaSize 9077173 (8.66 MB)
TotalDestinationSizeChange 1706176 (1.63 MB)
Errors 0

----------------[ Duplicity Cleanup ]----------------
Local and Remote metadata are synchronized, no sync needed.
Warning, found the following local orphaned signature file:
duplicity-new-signatures.20151013T230930Z.to.20151013T232550Z.sigtar.gz
Warning, found the following remote orphaned signature file:
duplicity-new-signatures.20151013T230930Z.to.20151013T232550Z.sigtar.gz
Warning, found the following orphaned backup file:
[duplicity-inc.20151013T230930Z.to.20151013T232550Z.manifest, duplicity-inc.20151013T230930Z.to.20151013T232550Z.vol1.difftar.gz]
Last full backup date: Tue Oct 13 17:04:26 2015
No old backup sets found, nothing deleted.

Local and Remote metadata are synchronized, no sync needed.
Warning, found the following local orphaned signature file:
duplicity-new-signatures.20151013T230930Z.to.20151013T232550Z.sigtar.gz
Warning, found the following remote orphaned signature file:
duplicity-new-signatures.20151013T230930Z.to.20151013T232550Z.sigtar.gz
Warning, found the following orphaned backup file:
[duplicity-inc.20151013T230930Z.to.20151013T232550Z.manifest, duplicity-inc.20151013T230930Z.to.20151013T232550Z.vol1.difftar.gz]
Last full backup date: Tue Oct 13 17:04:26 2015
No old backup sets found, nothing deleted.

-----------[ Source Disk Use Information ]-----------
2.8G	/

---------[ Destination Disk Use Information ]--------
1618M	Amazon S3 type backend

---------    END DUPLICITY-BACKUP SCRIPT    ---------

Email alert sent to healthwrights@gmail.com using mailx
Removing lock. Exit code: 0
