Fri-Oct-23-2015--03:00 Snap of Root vol-df1b342a
AWS Healthwrights Server Snap taken of EBS Root Volume vol-df1b342a on Fri-Oct-23-2015--03:00 Fri-Oct-23-2015--03:00
-------------
current backup snapshots
{
    "Snapshots": [
        {
            "Description": "Automated backup of EBS vol-df1b342a on Thu Oct 22 03:00:03 PDT 2015 purge after Fri Oct 23 03:00:03 PDT 2015", 
            "Tags": [
                {
                    "Value": "Thu-Oct-22-2015--03:00", 
                    "Key": "Created"
                }, 
                {
                    "Value": "vol-df1b342a", 
                    "Key": "Volume"
                }, 
                {
                    "Value": "1445594403", 
                    "Key": "PurgeAfterFE"
                }, 
                {
                    "Value": "Thu-Oct-22-2015--03:00-HW_Server_Root-vol-df1b342a", 
                    "Key": "Name"
                }, 
                {
                    "Value": "true", 
                    "Key": "PurgeAllow"
                }
            ], 
            "Encrypted": false, 
            "VolumeId": "vol-df1b342a", 
            "State": "completed", 
            "VolumeSize": 8, 
            "Progress": "100%", 
            "StartTime": "2015-10-22T10:00:04.000Z", 
            "SnapshotId": "snap-ae9187ed", 
            "OwnerId": "127834124128"
        }, 
        {
            "Description": "Automated backup of EBS vol-df1b342a on Wed Oct 21 03:00:04 PDT 2015 purge after Thu Oct 22 03:00:04 PDT 2015", 
            "Tags": [
                {
                    "Value": "Wed-Oct-21-2015--03:00", 
                    "Key": "Created"
                }, 
                {
                    "Value": "Wed-Oct-21-2015--03:00-HW_Server_Root-vol-df1b342a", 
                    "Key": "Name"
                }, 
                {
                    "Value": "true", 
                    "Key": "PurgeAllow"
                }, 
                {
                    "Value": "1445508004", 
                    "Key": "PurgeAfterFE"
                }, 
                {
                    "Value": "vol-df1b342a", 
                    "Key": "Volume"
                }
            ], 
            "Encrypted": false, 
            "VolumeId": "vol-df1b342a", 
            "State": "completed", 
            "VolumeSize": 8, 
            "Progress": "100%", 
            "StartTime": "2015-10-21T10:00:05.000Z", 
            "SnapshotId": "snap-37565e67", 
            "OwnerId": "127834124128"
        }
    ]
}
Fri Oct 23 03:00:04 PDT 2015
Snapshots taken by ec2snap will be eligible for purging after the following date : Sat Oct 24 03:00:04 PDT 2015
Automated backup of EBS vol-df1b342a on Fri Oct 23 03:00:04 PDT 2015 purge after Sat Oct 24 03:00:04 PDT 2015
Tagging Snapshot snap-b72c91e2 with the following Tags:  Key=Name,Value=Fri-Oct-23-2015--03:00-HW_Server_Root-vol-df1b342a Key=PurgeAfterFE,Value=1445680804 Key=PurgeAllow,Value=true Key=Volume,Value=vol-df1b342a Key=Created,Value=Fri-Oct-23-2015--03:00
Snapshot Purging is Starting Now.
Snapshot "snap-ae9187ed" with the PurgeAfterFE date of "1445594403" will be deleted.
Snapshot "snap-37565e67" with the PurgeAfterFE date of "1445508004" will be deleted.
-------------
snapshots after adding and purging
{
    "Snapshots": [
        {
            "Description": "Automated backup of EBS vol-df1b342a on Fri Oct 23 03:00:04 PDT 2015 purge after Sat Oct 24 03:00:04 PDT 2015", 
            "Tags": [
                {
                    "Value": "Fri-Oct-23-2015--03:00", 
                    "Key": "Created"
                }, 
                {
                    "Value": "Fri-Oct-23-2015--03:00-HW_Server_Root-vol-df1b342a", 
                    "Key": "Name"
                }, 
                {
                    "Value": "vol-df1b342a", 
                    "Key": "Volume"
                }, 
                {
                    "Value": "1445680804", 
                    "Key": "PurgeAfterFE"
                }, 
                {
                    "Value": "true", 
                    "Key": "PurgeAllow"
                }
            ], 
            "Encrypted": false, 
            "VolumeId": "vol-df1b342a", 
            "State": "pending", 
            "VolumeSize": 8, 
            "Progress": "1%", 
            "StartTime": "2015-10-23T10:00:05.000Z", 
            "SnapshotId": "snap-b72c91e2", 
            "OwnerId": "127834124128"
        }
    ]
}
----------------------
Removing logs older than 2 days
Logs of Availabe Snaps
total 32
-rw-r--r-- 1 root root 4553 Oct 23 03:00 log-snap_Fri-Oct-23-2015--03:00.log
-rw-r--r-- 1 root root 5882 Oct 22 03:00 log-snap_Thu-Oct-22-2015--03:00.log
-rw-r--r-- 1 root root 5882 Oct 20 03:00 log-snap_Tue-Oct-20-2015--03:00.log
-rw-r--r-- 1 root root 5882 Oct 21 03:00 log-snap_Wed-Oct-21-2015--03:00.log
-------------------
